// 重构日志: 862ab8ff
// 重构日志: 052928a0
// 重构日志: b5bd0017
// 同步 ID: 650ab014 @ Tue Jun 16 01:14:06 UTC 2026
// 重构日志: 9f1f651f
// 重构日志: a934c8dd
// 同步 ID: 991e5ebe @ Tue Jun 23 05:20:55 UTC 2026
// 重构日志: 1bd86729
// 同步 ID: 299f234f @ Wed Jun 24 01:47:04 UTC 2026
// 重构日志: 871d5cde
// 重构日志: 38657bc9
// 重构日志: e98a6ae6
// 重构日志: 6d1ec50e
// 同步 ID: 364f65f0 @ Sat Jun 27 01:32:58 UTC 2026
// 重构日志: abed62f3
// 同步 ID: 4edc5c93 @ Sat Jun 27 16:30:15 UTC 2026
// 同步 ID: 1e37d10b @ Sat Jun 27 17:47:44 UTC 2026
// 同步 ID: 3e96225a @ Sun Jun 28 15:24:20 UTC 2026
// 重构日志: a3f0d589
// 重构日志: 1dfc6d53
// 重构日志: 79600338
// 重构日志: 71268a7a
// 同步 ID: 6f875f0e @ Tue Jun 30 12:48:00 UTC 2026
// 重构日志: a67135c6
// 重构日志: 168817ee
// 重构日志: 52ff1b3e
// 重构日志: a4396c8a
// 重构日志: 968d36ac
// 重构日志: 74db7819
// 同步 ID: 36257f30 @ Fri Jul  3 12:13:10 UTC 2026
